<?xml version="1.0" encoding="UTF-8"?>
<testsuite xmlns:xsi="http://www.w3.org/2001/XMLSchema-instance" xsi:noNamespaceSchemaLocation="https://maven.apache.org/surefire/maven-surefire-plugin/xsd/surefire-test-report-3.0.xsd" version="3.0" name="de.butzlabben.world.wrapper.GeneratorSettingsTest" time="0.021" tests="1" errors="0" skipped="0" failures="0">
  <properties>
    <property name="sun.desktop" value="windows"/>
    <property name="awt.toolkit" value="sun.awt.windows.WToolkit"/>
    <property name="file.encoding.pkg" value="sun.io"/>
    <property name="java.specification.version" value="1.8"/>
    <property name="sun.cpu.isalist" value="amd64"/>
    <property name="sun.jnu.encoding" value="Cp1252"/>
    <property name="java.class.path" value="C:\Users\Daniel\IdeaProjects\PersonalProjects\worldsystem\target\test-classes;C:\Users\Daniel\IdeaProjects\PersonalProjects\worldsystem\target\classes;C:\Users\Daniel\.m2\repository\org\spigotmc\spigot-api\1.14-R0.1-SNAPSHOT\spigot-api-1.14-R0.1-SNAPSHOT.jar;C:\Users\Daniel\.m2\repository\commons-lang\commons-lang\2.6\commons-lang-2.6.jar;C:\Users\Daniel\.m2\repository\com\google\guava\guava\21.0\guava-21.0.jar;C:\Users\Daniel\.m2\repository\com\google\code\gson\gson\2.8.0\gson-2.8.0.jar;C:\Users\Daniel\.m2\repository\net\md-5\bungeecord-chat\1.13-SNAPSHOT\bungeecord-chat-1.13-SNAPSHOT.jar;C:\Users\Daniel\.m2\repository\org\yaml\snakeyaml\1.23\snakeyaml-1.23.jar;C:\Users\Daniel\.m2\repository\com\mojang\authlib\1.5.21\authlib-1.5.21.jar;C:\Users\Daniel\.m2\repository\org\apache\commons\commons-lang3\3.3.2\commons-lang3-3.3.2.jar;C:\Users\Daniel\.m2\repository\org\apache\logging\log4j\log4j-core\2.0-beta9\log4j-core-2.0-beta9.jar;C:\Users\Daniel\.m2\repository\commons-codec\commons-codec\1.9\commons-codec-1.9.jar;C:\Users\Daniel\.m2\repository\org\apache\logging\log4j\log4j-api\2.0-beta9\log4j-api-2.0-beta9.jar;C:\Users\Daniel\.m2\repository\com\google\code\findbugs\jsr305\2.0.1\jsr305-2.0.1.jar;C:\Users\Daniel\.m2\repository\commons-io\commons-io\2.6\commons-io-2.6.jar;C:\Users\Daniel\IdeaProjects\PersonalProjects\worldsystem\lib\FastAsyncWorldEdit.jar;C:\Users\Daniel\.m2\repository\com\sk89q\worldedit\worldedit-core\7.0.0-SNAPSHOT\worldedit-core-7.0.0-SNAPSHOT.jar;C:\Users\Daniel\.m2\repository\com\sk89q\worldedit\worldedit-libs\core\7.0.0-SNAPSHOT\core-7.0.0-SNAPSHOT.jar;C:\Users\Daniel\.m2\repository\de\schlichtherle\truezip\6.8.3\truezip-6.8.3.jar;C:\Users\Daniel\.m2\repository\rhino\js\1.7R2\js-1.7R2.jar;C:\Users\Daniel\.m2\repository\com\googlecode\json-simple\json-simple\1.1.1\json-simple-1.1.1.jar;C:\Users\Daniel\.m2\repository\junit\junit\4.10\junit-4.10.jar;C:\Users\Daniel\.m2\repository\org\hamcrest\hamcrest-core\1.1\hamcrest-core-1.1.jar;C:\Users\Daniel\.m2\repository\org\slf4j\slf4j-api\1.7.26\slf4j-api-1.7.26.jar;C:\Users\Daniel\.m2\repository\com\sk89q\worldedit\worldedit-bukkit\7.0.0-SNAPSHOT\worldedit-bukkit-7.0.0-SNAPSHOT.jar;C:\Users\Daniel\.m2\repository\com\sk89q\worldedit\worldedit-libs\bukkit\7.0.0-SNAPSHOT\bukkit-7.0.0-SNAPSHOT.jar;C:\Users\Daniel\.m2\repository\org\bukkit\bukkit\1.13.2-R0.1-SNAPSHOT\bukkit-1.13.2-R0.1-SNAPSHOT.jar;C:\Users\Daniel\.m2\repository\io\papermc\paperlib\1.0.2\paperlib-1.0.2.jar;C:\Users\Daniel\.m2\repository\org\apache\logging\log4j\log4j-slf4j-impl\2.8.1\log4j-slf4j-impl-2.8.1.jar;C:\Users\Daniel\.m2\repository\org\bstats\bstats-bukkit\1.4\bstats-bukkit-1.4.jar;C:\Users\Daniel\.m2\repository\net\myplayplanet\CommandFramework\2.0.0-SNAPSHOT\CommandFramework-2.0.0-SNAPSHOT.jar;C:\Users\Daniel\.m2\repository\net\milkbowl\vault\VaultAPI\1.6\VaultAPI-1.6.jar;C:\Users\Daniel\.m2\repository\me\clip\placeholderapi\2.9.2\placeholderapi-2.9.2.jar;C:\Users\Daniel\.m2\repository\org\projectlombok\lombok\1.18.4\lombok-1.18.4.jar;"/>
    <property name="java.vm.vendor" value="Oracle Corporation"/>
    <property name="sun.arch.data.model" value="64"/>
    <property name="user.variant" value=""/>
    <property name="java.vendor.url" value="http://java.oracle.com/"/>
    <property name="user.timezone" value="Europe/Berlin"/>
    <property name="java.vm.specification.version" value="1.8"/>
    <property name="os.name" value="Windows 10"/>
    <property name="user.country" value="DE"/>
    <property name="sun.java.launcher" value="SUN_STANDARD"/>
    <property name="sun.boot.library.path" value="C:\Program Files\Java\jdk1.8.0_201\jre\bin"/>
    <property name="sun.java.command" value="C:\Users\Daniel\AppData\Local\Temp\surefire9022411946843047751\surefirebooter3945445194430347641.jar C:\Users\Daniel\AppData\Local\Temp\surefire9022411946843047751 2019-09-07T21-26-34_843-jvmRun1 surefire566841560838190623tmp surefire_02403458146514272146tmp"/>
    <property name="surefire.test.class.path" value="C:\Users\Daniel\IdeaProjects\PersonalProjects\worldsystem\target\test-classes;C:\Users\Daniel\IdeaProjects\PersonalProjects\worldsystem\target\classes;C:\Users\Daniel\.m2\repository\org\spigotmc\spigot-api\1.14-R0.1-SNAPSHOT\spigot-api-1.14-R0.1-SNAPSHOT.jar;C:\Users\Daniel\.m2\repository\commons-lang\commons-lang\2.6\commons-lang-2.6.jar;C:\Users\Daniel\.m2\repository\com\google\guava\guava\21.0\guava-21.0.jar;C:\Users\Daniel\.m2\repository\com\google\code\gson\gson\2.8.0\gson-2.8.0.jar;C:\Users\Daniel\.m2\repository\net\md-5\bungeecord-chat\1.13-SNAPSHOT\bungeecord-chat-1.13-SNAPSHOT.jar;C:\Users\Daniel\.m2\repository\org\yaml\snakeyaml\1.23\snakeyaml-1.23.jar;C:\Users\Daniel\.m2\repository\com\mojang\authlib\1.5.21\authlib-1.5.21.jar;C:\Users\Daniel\.m2\repository\org\apache\commons\commons-lang3\3.3.2\commons-lang3-3.3.2.jar;C:\Users\Daniel\.m2\repository\org\apache\logging\log4j\log4j-core\2.0-beta9\log4j-core-2.0-beta9.jar;C:\Users\Daniel\.m2\repository\commons-codec\commons-codec\1.9\commons-codec-1.9.jar;C:\Users\Daniel\.m2\repository\org\apache\logging\log4j\log4j-api\2.0-beta9\log4j-api-2.0-beta9.jar;C:\Users\Daniel\.m2\repository\com\google\code\findbugs\jsr305\2.0.1\jsr305-2.0.1.jar;C:\Users\Daniel\.m2\repository\commons-io\commons-io\2.6\commons-io-2.6.jar;C:\Users\Daniel\IdeaProjects\PersonalProjects\worldsystem\lib\FastAsyncWorldEdit.jar;C:\Users\Daniel\.m2\repository\com\sk89q\worldedit\worldedit-core\7.0.0-SNAPSHOT\worldedit-core-7.0.0-SNAPSHOT.jar;C:\Users\Daniel\.m2\repository\com\sk89q\worldedit\worldedit-libs\core\7.0.0-SNAPSHOT\core-7.0.0-SNAPSHOT.jar;C:\Users\Daniel\.m2\repository\de\schlichtherle\truezip\6.8.3\truezip-6.8.3.jar;C:\Users\Daniel\.m2\repository\rhino\js\1.7R2\js-1.7R2.jar;C:\Users\Daniel\.m2\repository\com\googlecode\json-simple\json-simple\1.1.1\json-simple-1.1.1.jar;C:\Users\Daniel\.m2\repository\junit\junit\4.10\junit-4.10.jar;C:\Users\Daniel\.m2\repository\org\hamcrest\hamcrest-core\1.1\hamcrest-core-1.1.jar;C:\Users\Daniel\.m2\repository\org\slf4j\slf4j-api\1.7.26\slf4j-api-1.7.26.jar;C:\Users\Daniel\.m2\repository\com\sk89q\worldedit\worldedit-bukkit\7.0.0-SNAPSHOT\worldedit-bukkit-7.0.0-SNAPSHOT.jar;C:\Users\Daniel\.m2\repository\com\sk89q\worldedit\worldedit-libs\bukkit\7.0.0-SNAPSHOT\bukkit-7.0.0-SNAPSHOT.jar;C:\Users\Daniel\.m2\repository\org\bukkit\bukkit\1.13.2-R0.1-SNAPSHOT\bukkit-1.13.2-R0.1-SNAPSHOT.jar;C:\Users\Daniel\.m2\repository\io\papermc\paperlib\1.0.2\paperlib-1.0.2.jar;C:\Users\Daniel\.m2\repository\org\apache\logging\log4j\log4j-slf4j-impl\2.8.1\log4j-slf4j-impl-2.8.1.jar;C:\Users\Daniel\.m2\repository\org\bstats\bstats-bukkit\1.4\bstats-bukkit-1.4.jar;C:\Users\Daniel\.m2\repository\net\myplayplanet\CommandFramework\2.0.0-SNAPSHOT\CommandFramework-2.0.0-SNAPSHOT.jar;C:\Users\Daniel\.m2\repository\net\milkbowl\vault\VaultAPI\1.6\VaultAPI-1.6.jar;C:\Users\Daniel\.m2\repository\me\clip\placeholderapi\2.9.2\placeholderapi-2.9.2.jar;C:\Users\Daniel\.m2\repository\org\projectlombok\lombok\1.18.4\lombok-1.18.4.jar;"/>
    <property name="sun.cpu.endian" value="little"/>
    <property name="user.home" value="C:\Users\Daniel"/>
    <property name="user.language" value="de"/>
    <property name="java.specification.vendor" value="Oracle Corporation"/>
    <property name="java.home" value="C:\Program Files\Java\jdk1.8.0_201\jre"/>
    <property name="basedir" value="C:\Users\Daniel\IdeaProjects\PersonalProjects\worldsystem"/>
    <property name="file.separator" value="\"/>
    <property name="line.separator" value="&#10;"/>
    <property name="java.vm.specification.vendor" value="Oracle Corporation"/>
    <property name="java.specification.name" value="Java Platform API Specification"/>
    <property name="java.awt.graphicsenv" value="sun.awt.Win32GraphicsEnvironment"/>
    <property name="surefire.real.class.path" value="C:\Users\Daniel\AppData\Local\Temp\surefire9022411946843047751\surefirebooter3945445194430347641.jar"/>
    <property name="sun.boot.class.path" value="C:\Program Files\Java\jdk1.8.0_201\jre\lib\resources.jar;C:\Program Files\Java\jdk1.8.0_201\jre\lib\rt.jar;C:\Program Files\Java\jdk1.8.0_201\jre\lib\sunrsasign.jar;C:\Program Files\Java\jdk1.8.0_201\jre\lib\jsse.jar;C:\Program Files\Java\jdk1.8.0_201\jre\lib\jce.jar;C:\Program Files\Java\jdk1.8.0_201\jre\lib\charsets.jar;C:\Program Files\Java\jdk1.8.0_201\jre\lib\jfr.jar;C:\Program Files\Java\jdk1.8.0_201\jre\classes"/>
    <property name="user.script" value=""/>
    <property name="sun.management.compiler" value="HotSpot 64-Bit Tiered Compilers"/>
    <property name="java.runtime.version" value="1.8.0_201-b09"/>
    <property name="user.name" value="Daniel"/>
    <property name="path.separator" value=";"/>
    <property name="os.version" value="10.0"/>
    <property name="java.endorsed.dirs" value="C:\Program Files\Java\jdk1.8.0_201\jre\lib\endorsed"/>
    <property name="java.runtime.name" value="Java(TM) SE Runtime Environment"/>
    <property name="file.encoding" value="Cp1252"/>
    <property name="java.vm.name" value="Java HotSpot(TM) 64-Bit Server VM"/>
    <property name="localRepository" value="C:\Users\Daniel\.m2\repository"/>
    <property name="java.vendor.url.bug" value="http://bugreport.sun.com/bugreport/"/>
    <property name="java.io.tmpdir" value="C:\Users\Daniel\AppData\Local\Temp\"/>
    <property name="java.version" value="1.8.0_201"/>
    <property name="user.dir" value="C:\Users\Daniel\IdeaProjects\PersonalProjects\worldsystem"/>
    <property name="os.arch" value="amd64"/>
    <property name="java.vm.specification.name" value="Java Virtual Machine Specification"/>
    <property name="java.awt.printerjob" value="sun.awt.windows.WPrinterJob"/>
    <property name="sun.os.patch.level" value=""/>
    <property name="idea.version2019.2" value="true"/>
    <property name="java.library.path" value="C:\Program Files\Java\jdk1.8.0_201\jre\bin;C:\WINDOWS\Sun\Java\bin;C:\WINDOWS\system32;C:\WINDOWS;C:\Users\Daniel\AppData\Local\JetBrains\Toolbox\apps\IDEA-U\ch-0\192.5728.98\jbr\\bin;C:\Users\Daniel\AppData\Local\JetBrains\Toolbox\apps\IDEA-U\ch-0\192.5728.98\jbr\\bin\server;C:\Program Files (x86)\Razer\ChromaBroadcast\bin;C:\Program Files\Razer\ChromaBroadcast\bin;C:\Program Files\Microsoft MPI\Bin\;C:\Program Files (x86)\Common Files\Oracle\Java\javapath;C:\Program Files (x86)\Razer Chroma SDK\bin;C:\Program Files\Razer Chroma SDK\bin;C:\Windows\system32;C:\Windows;C:\Windows\System32\Wbem;C:\Windows\System32\WindowsPowerShell\v1.0\;C:\Windows\System32\OpenSSH\;C:\Program Files\PuTTY\;C:\Users\Daniel\AppData\Local\Microsoft\WindowsApps;C:\Program Files\nodejs\;C:\Program Files\Intel\WiFi\bin\;C:\Program Files\Common Files\Intel\WirelessCommon\;C:\Program Files (x86)\Windows Live\Shared;C:\WINDOWS\system32;C:\WINDOWS;C:\WINDOWS\System32\Wbem;C:\WINDOWS\System32\WindowsPowerShell\v1.0\;C:\WINDOWS\System32\OpenSSH\;C:\Users\Daniel\AppData\Local\Programs\Python\Python36;C:\Users\Daniel\AppData\Local\Programs\Python\Python36\Scripts;C:\Program Files\flutter\bin;C:\Program Files\apache-maven-3.6.0\bin;C:\Users\Daniel\AppData\Roaming\npm;E:\Programs\Android\Sdk\platform-tools;C:\Program Files\flutter\.pub-cache\bin;C:\Program Files\Git\bin;C:\Program Files\Java\jdk1.8.0_201\bin;C:\Program Files\flutter\bin\cache\dart-sdk\bin;C:\Users\Daniel\.cargo\bin;C:\Program Files\flutter\bin;C:\Program Files\ffmpeg\bin;C:\Users\Daniel\AppData\Roaming\npm;C:\Users\Daniel\AppData\Local\Programs\Microsoft VS Code\bin;C:\Users\Daniel\AppData\Local\Android\Sdk\platform-tools;C:\Program Files\flutter\.pub-cache\bin;C:\Program Files\Git\bin;C:\Program Files (x86)\Nmap;C:\Program Files\flutter\bin\cache\dart-sdk\bin;;."/>
    <property name="java.vm.info" value="mixed mode"/>
    <property name="java.vendor" value="Oracle Corporation"/>
    <property name="java.vm.version" value="25.201-b09"/>
    <property name="java.ext.dirs" value="C:\Program Files\Java\jdk1.8.0_201\jre\lib\ext;C:\WINDOWS\Sun\Java\lib\ext"/>
    <property name="sun.io.unicode.encoding" value="UnicodeLittle"/>
    <property name="java.class.version" value="52.0"/>
  </properties>
  <testcase name="asWorldCreator" classname="de.butzlabben.world.wrapper.GeneratorSettingsTest" time="0.012"/>
</testsuite>